2019-05-03 08:36:34.943  INFO 16308 --- [main] com.suxinhaixp.sit.SitApplicationTests   : Starting SitApplicationTests on suxinhaixp with PID 16308 (started by Administrator in C:\Users\Administrator\IdeaProjects\suxinhaixp)
2019-05-03 08:36:34.948  INFO 16308 --- [main] com.suxinhaixp.sit.SitApplicationTests   : No active profile set, falling back to default profiles: default
2019-05-03 08:36:35.565  INFO 16308 --- [main] .s.d.r.c.RepositoryConfigurationDelegate : Bootstrapping Spring Data repositories in DEFAULT mode.
2019-05-03 08:36:35.650  INFO 16308 --- [main] .s.d.r.c.RepositoryConfigurationDelegate : Finished Spring Data repository scanning in 77ms. Found 5 repository interfaces.
2019-05-03 08:36:35.969  INFO 16308 --- [main] trationDelegate$BeanPostProcessorChecker : Bean 'org.springframework.transaction.annotation.ProxyTransactionManagementConfiguration' of type [org.springframework.transaction.annotation.ProxyTransactionManagementConfiguration$$EnhancerBySpringCGLIB$$bac497ef] is not eligible for getting processed by all BeanPostProcessors (for example: not eligible for auto-proxying)
2019-05-03 08:36:36.281  INFO 16308 --- [main] o.hibernate.jpa.internal.util.LogHelper  : HHH000204: Processing PersistenceUnitInfo [
	name: default
	...]
2019-05-03 08:36:36.355  INFO 16308 --- [main] org.hibernate.Version                    : HHH000412: Hibernate Core {5.3.9.Final}
2019-05-03 08:36:36.356  INFO 16308 --- [main] org.hibernate.cfg.Environment            : HHH000206: hibernate.properties not found
2019-05-03 08:36:36.510  INFO 16308 --- [main] o.hibernate.annotations.common.Version   : HCANN000001: Hibernate Commons Annotations {5.0.4.Final}
2019-05-03 08:36:37.979  INFO 16308 --- [main] com.alibaba.druid.pool.DruidDataSource   : {dataSource-1} inited
2019-05-03 08:36:37.996  INFO 16308 --- [main] org.hibernate.dialect.Dialect            : HHH000400: Using dialect: org.hibernate.dialect.MySQL5InnoDBDialect
2019-05-03 08:36:38.891  INFO 16308 --- [main] j.LocalContainerEntityManagerFactoryBean : Initialized JPA EntityManagerFactory for persistence unit 'default'
2019-05-03 08:36:39.724  INFO 16308 --- [main] o.s.s.concurrent.ThreadPoolTaskExecutor  : Initializing ExecutorService 'applicationTaskExecutor'
2019-05-03 08:36:39.768  WARN 16308 --- [main] aWebConfiguration$JpaWebMvcConfiguration : spring.jpa.open-in-view is enabled by default. Therefore, database queries may be performed during view rendering. Explicitly configure spring.jpa.open-in-view to disable this warning
2019-05-03 08:36:39.874  WARN 16308 --- [main] org.thymeleaf.templatemode.TemplateMode  : [THYMELEAF][main] Template Mode 'HTML5' is deprecated. Using Template Mode 'HTML' instead.
2019-05-03 08:36:39.941  INFO 16308 --- [main] o.s.b.a.w.s.WelcomePageHandlerMapping    : Adding welcome page template: index
2019-05-03 08:36:40.173  INFO 16308 --- [main] com.suxinhaixp.sit.SitApplicationTests   : Started SitApplicationTests in 5.646 seconds (JVM running for 6.517)
2019-05-03 08:36:40.723  INFO 16308 --- [Thread-2] o.s.s.concurrent.ThreadPoolTaskExecutor  : Shutting down ExecutorService 'applicationTaskExecutor'
2019-05-03 08:36:40.729  INFO 16308 --- [Thread-2] j.LocalContainerEntityManagerFactoryBean : Closing JPA EntityManagerFactory for persistence unit 'default'
2019-05-03 08:36:40.731  INFO 16308 --- [Thread-2] com.alibaba.druid.pool.DruidDataSource   : {dataSource-1} closing ...
2019-05-03 08:36:40.734  INFO 16308 --- [Thread-2] com.alibaba.druid.pool.DruidDataSource   : {dataSource-1} closed
